<?xml version="1.0" encoding="UTF-8"?>
<testsuite name="com.meli.api.challenge.controller.ItemControllerTest" tests="4" skipped="0" failures="0" errors="0" timestamp="2021-01-22T02:02:09" hostname="UY-IT00714" time="0.048">
  <properties/>
  <testcase name="getChildrenInvalidItemId()" classname="com.meli.api.challenge.controller.ItemControllerTest" time="0.031"/>
  <testcase name="getChildren()" classname="com.meli.api.challenge.controller.ItemControllerTest" time="0.006"/>
  <testcase name="getItem()" classname="com.meli.api.challenge.controller.ItemControllerTest" time="0.003"/>
  <testcase name="getItemInvalidItemId()" classname="com.meli.api.challenge.controller.ItemControllerTest" time="0.006"/>
  <system-out><![CDATA[2021-01-21 23:02:09.147  INFO 25908 --- [    Test worker] .b.t.c.SpringBootTestContextBootstrapper : Neither @ContextConfiguration nor @ContextHierarchy found for test class [com.meli.api.challenge.controller.ItemControllerTest], using SpringBootContextLoader
2021-01-21 23:02:09.148  INFO 25908 --- [    Test worker] o.s.t.c.support.AbstractContextLoader    : Could not detect default resource locations for test class [com.meli.api.challenge.controller.ItemControllerTest]: no resource found for suffixes {-context.xml, Context.groovy}.
2021-01-21 23:02:09.148  INFO 25908 --- [    Test worker] t.c.s.AnnotationConfigContextLoaderUtils : Could not detect default configuration classes for test class [com.meli.api.challenge.controller.ItemControllerTest]: ItemControllerTest does not declare any static, non-private, non-final, nested classes annotated with @Configuration.
2021-01-21 23:02:09.157  INFO 25908 --- [    Test worker] .b.t.c.SpringBootTestContextBootstrapper : Found @SpringBootConfiguration com.meli.api.challenge.ChallengeApplication for test class com.meli.api.challenge.controller.ItemControllerTest
2021-01-21 23:02:09.161  INFO 25908 --- [    Test worker] .b.t.c.SpringBootTestContextBootstrapper : Loaded default TestExecutionListener class names from location [META-INF/spring.factories]: [org.springframework.test.context.web.ServletTestExecutionListener, org.springframework.test.context.support.DirtiesContextBeforeModesTestExecutionListener, org.springframework.test.context.event.ApplicationEventsTestExecutionListener, org.springframework.test.context.support.DependencyInjectionTestExecutionListener, org.springframework.test.context.support.DirtiesContextTestExecutionListener, org.springframework.test.context.transaction.TransactionalTestExecutionListener, org.springframework.test.context.jdbc.SqlScriptsTestExecutionListener, org.springframework.test.context.event.EventPublishingTestExecutionListener, org.springframework.boot.test.autoconfigure.restdocs.RestDocsTestExecutionListener, org.springframework.boot.test.autoconfigure.web.client.MockRestServiceServerResetTestExecutionListener, org.springframework.boot.test.autoconfigure.web.servlet.MockMvcPrintOnlyOnFailureTestExecutionListener, org.springframework.boot.test.autoconfigure.web.servlet.WebDriverTestExecutionListener, org.springframework.boot.test.autoconfigure.webservices.client.MockWebServiceServerTestExecutionListener, org.springframework.boot.test.mock.mockito.MockitoTestExecutionListener, org.springframework.boot.test.mock.mockito.ResetMocksTestExecutionListener]
2021-01-21 23:02:09.163  INFO 25908 --- [    Test worker] .b.t.c.SpringBootTestContextBootstrapper : Using TestExecutionListeners: [org.springframework.test.context.web.ServletTestExecutionListener@6fbf4349, org.springframework.test.context.support.DirtiesContextBeforeModesTestExecutionListener@a62985, org.springframework.test.context.event.ApplicationEventsTestExecutionListener@4e3e203c, org.springframework.boot.test.mock.mockito.MockitoTestExecutionListener@1d89e0ba, org.springframework.boot.test.autoconfigure.SpringBootDependencyInjectionTestExecutionListener@8b94d49, org.springframework.test.context.support.DirtiesContextTestExecutionListener@3962b7da, org.springframework.test.context.event.EventPublishingTestExecutionListener@6625f0a, org.springframework.boot.test.autoconfigure.restdocs.RestDocsTestExecutionListener@54bcf34c, org.springframework.boot.test.autoconfigure.web.client.MockRestServiceServerResetTestExecutionListener@162d3f97, org.springframework.boot.test.autoconfigure.web.servlet.MockMvcPrintOnlyOnFailureTestExecutionListener@3a5d96ef, org.springframework.boot.test.autoconfigure.web.servlet.WebDriverTestExecutionListener@2e5304a1, org.springframework.boot.test.autoconfigure.webservices.client.MockWebServiceServerTestExecutionListener@1d46a4b4, org.springframework.boot.test.mock.mockito.ResetMocksTestExecutionListener@6268e10c]
]]></system-out>
  <system-err><![CDATA[]]></system-err>
</testsuite>
