<?xml version="1.0" encoding="UTF-8"?>
<testsuite name="com.meli.api.challenge.controller.ItemControllerTest" tests="2" skipped="0" failures="0" errors="0" timestamp="2021-01-22T13:48:33" hostname="UY-IT00714" time="0.042">
  <properties/>
  <testcase name="getItem()" classname="com.meli.api.challenge.controller.ItemControllerTest" time="0.034"/>
  <testcase name="getItemInvalidItemId()" classname="com.meli.api.challenge.controller.ItemControllerTest" time="0.007"/>
  <system-out><![CDATA[2021-01-22 10:48:33.421  INFO 12552 --- [    Test worker] .b.t.c.SpringBootTestContextBootstrapper : Neither @ContextConfiguration nor @ContextHierarchy found for test class [com.meli.api.challenge.controller.ItemControllerTest], using SpringBootContextLoader
2021-01-22 10:48:33.422  INFO 12552 --- [    Test worker] o.s.t.c.support.AbstractContextLoader    : Could not detect default resource locations for test class [com.meli.api.challenge.controller.ItemControllerTest]: no resource found for suffixes {-context.xml, Context.groovy}.
2021-01-22 10:48:33.422  INFO 12552 --- [    Test worker] t.c.s.AnnotationConfigContextLoaderUtils : Could not detect default configuration classes for test class [com.meli.api.challenge.controller.ItemControllerTest]: ItemControllerTest does not declare any static, non-private, non-final, nested classes annotated with @Configuration.
2021-01-22 10:48:33.431  INFO 12552 --- [    Test worker] .b.t.c.SpringBootTestContextBootstrapper : Found @SpringBootConfiguration com.meli.api.challenge.ChallengeApplication for test class com.meli.api.challenge.controller.ItemControllerTest
2021-01-22 10:48:33.434  INFO 12552 --- [    Test worker] .b.t.c.SpringBootTestContextBootstrapper : Loaded default TestExecutionListener class names from location [META-INF/spring.factories]: [org.springframework.test.context.web.ServletTestExecutionListener, org.springframework.test.context.support.DirtiesContextBeforeModesTestExecutionListener, org.springframework.test.context.event.ApplicationEventsTestExecutionListener, org.springframework.test.context.support.DependencyInjectionTestExecutionListener, org.springframework.test.context.support.DirtiesContextTestExecutionListener, org.springframework.test.context.transaction.TransactionalTestExecutionListener, org.springframework.test.context.jdbc.SqlScriptsTestExecutionListener, org.springframework.test.context.event.EventPublishingTestExecutionListener, org.springframework.boot.test.autoconfigure.restdocs.RestDocsTestExecutionListener, org.springframework.boot.test.autoconfigure.web.client.MockRestServiceServerResetTestExecutionListener, org.springframework.boot.test.autoconfigure.web.servlet.MockMvcPrintOnlyOnFailureTestExecutionListener, org.springframework.boot.test.autoconfigure.web.servlet.WebDriverTestExecutionListener, org.springframework.boot.test.autoconfigure.webservices.client.MockWebServiceServerTestExecutionListener, org.springframework.boot.test.mock.mockito.MockitoTestExecutionListener, org.springframework.boot.test.mock.mockito.ResetMocksTestExecutionListener]
2021-01-22 10:48:33.435  INFO 12552 --- [    Test worker] .b.t.c.SpringBootTestContextBootstrapper : Using TestExecutionListeners: [org.springframework.test.context.web.ServletTestExecutionListener@961e15d, org.springframework.test.context.support.DirtiesContextBeforeModesTestExecutionListener@79db28a0, org.springframework.test.context.event.ApplicationEventsTestExecutionListener@4cb258a1, org.springframework.boot.test.mock.mockito.MockitoTestExecutionListener@23e63344, org.springframework.boot.test.autoconfigure.SpringBootDependencyInjectionTestExecutionListener@250b556c, org.springframework.test.context.support.DirtiesContextTestExecutionListener@535f745, org.springframework.test.context.event.EventPublishingTestExecutionListener@5b9cd012, org.springframework.boot.test.autoconfigure.restdocs.RestDocsTestExecutionListener@49f2a436, org.springframework.boot.test.autoconfigure.web.client.MockRestServiceServerResetTestExecutionListener@36ad2851, org.springframework.boot.test.autoconfigure.web.servlet.MockMvcPrintOnlyOnFailureTestExecutionListener@1c887e1e, org.springframework.boot.test.autoconfigure.web.servlet.WebDriverTestExecutionListener@21a931dd, org.springframework.boot.test.autoconfigure.webservices.client.MockWebServiceServerTestExecutionListener@7d26e2ca, org.springframework.boot.test.mock.mockito.ResetMocksTestExecutionListener@2296b29f]
]]></system-out>
  <system-err><![CDATA[]]></system-err>
</testsuite>
