<?xml version="1.0" encoding="UTF-8"?>
<testsuite name="com.meli.api.challenge.ChallengeApplicationTests" tests="1" skipped="0" failures="0" errors="0" timestamp="2021-01-22T13:48:33" hostname="UY-IT00714" time="0.167">
  <properties/>
  <testcase name="contextLoads()" classname="com.meli.api.challenge.ChallengeApplicationTests" time="0.167"/>
  <system-out><![CDATA[10:48:30.405 [Test worker] DEBUG org.springframework.test.context.BootstrapUtils - Instantiating CacheAwareContextLoaderDelegate from class [org.springframework.test.context.cache.DefaultCacheAwareContextLoaderDelegate]
10:48:30.417 [Test worker] DEBUG org.springframework.test.context.BootstrapUtils - Instantiating BootstrapContext using constructor [public org.springframework.test.context.support.DefaultBootstrapContext(java.lang.Class,org.springframework.test.context.CacheAwareContextLoaderDelegate)]
10:48:30.451 [Test worker] DEBUG org.springframework.test.context.BootstrapUtils - Instantiating TestContextBootstrapper for test class [com.meli.api.challenge.ChallengeApplicationTests] from class [org.springframework.boot.test.context.SpringBootTestContextBootstrapper]
10:48:30.464 [Test worker] INFO org.springframework.boot.test.context.SpringBootTestContextBootstrapper - Neither @ContextConfiguration nor @ContextHierarchy found for test class [com.meli.api.challenge.ChallengeApplicationTests], using SpringBootContextLoader
10:48:30.467 [Test worker] DEBUG org.springframework.test.context.support.AbstractContextLoader - Did not detect default resource location for test class [com.meli.api.challenge.ChallengeApplicationTests]: class path resource [com/meli/api/challenge/ChallengeApplicationTests-context.xml] does not exist
10:48:30.468 [Test worker] DEBUG org.springframework.test.context.support.AbstractContextLoader - Did not detect default resource location for test class [com.meli.api.challenge.ChallengeApplicationTests]: class path resource [com/meli/api/challenge/ChallengeApplicationTestsContext.groovy] does not exist
10:48:30.468 [Test worker] INFO org.springframework.test.context.support.AbstractContextLoader - Could not detect default resource locations for test class [com.meli.api.challenge.ChallengeApplicationTests]: no resource found for suffixes {-context.xml, Context.groovy}.
10:48:30.469 [Test worker] INFO org.springframework.test.context.support.AnnotationConfigContextLoaderUtils - Could not detect default configuration classes for test class [com.meli.api.challenge.ChallengeApplicationTests]: ChallengeApplicationTests does not declare any static, non-private, non-final, nested classes annotated with @Configuration.
10:48:30.512 [Test worker] DEBUG org.springframework.test.context.support.ActiveProfilesUtils - Could not find an 'annotation declaring class' for annotation type [org.springframework.test.context.ActiveProfiles] and class [com.meli.api.challenge.ChallengeApplicationTests]
10:48:30.594 [Test worker] DEBUG org.springframework.context.annotation.ClassPathScanningCandidateComponentProvider - Identified candidate component class: file [C:\Project\challengerepo\build\classes\java\main\com\meli\api\challenge\ChallengeApplication.class]
10:48:30.595 [Test worker] INFO org.springframework.boot.test.context.SpringBootTestContextBootstrapper - Found @SpringBootConfiguration com.meli.api.challenge.ChallengeApplication for test class com.meli.api.challenge.ChallengeApplicationTests
10:48:30.701 [Test worker] DEBUG org.springframework.boot.test.context.SpringBootTestContextBootstrapper - @TestExecutionListeners is not present for class [com.meli.api.challenge.ChallengeApplicationTests]: using defaults.
10:48:30.702 [Test worker] INFO org.springframework.boot.test.context.SpringBootTestContextBootstrapper - Loaded default TestExecutionListener class names from location [META-INF/spring.factories]: [org.springframework.test.context.web.ServletTestExecutionListener, org.springframework.test.context.support.DirtiesContextBeforeModesTestExecutionListener, org.springframework.test.context.event.ApplicationEventsTestExecutionListener, org.springframework.test.context.support.DependencyInjectionTestExecutionListener, org.springframework.test.context.support.DirtiesContextTestExecutionListener, org.springframework.test.context.transaction.TransactionalTestExecutionListener, org.springframework.test.context.jdbc.SqlScriptsTestExecutionListener, org.springframework.test.context.event.EventPublishingTestExecutionListener, org.springframework.boot.test.autoconfigure.restdocs.RestDocsTestExecutionListener, org.springframework.boot.test.autoconfigure.web.client.MockRestServiceServerResetTestExecutionListener, org.springframework.boot.test.autoconfigure.web.servlet.MockMvcPrintOnlyOnFailureTestExecutionListener, org.springframework.boot.test.autoconfigure.web.servlet.WebDriverTestExecutionListener, org.springframework.boot.test.autoconfigure.webservices.client.MockWebServiceServerTestExecutionListener, org.springframework.boot.test.mock.mockito.MockitoTestExecutionListener, org.springframework.boot.test.mock.mockito.ResetMocksTestExecutionListener]
10:48:30.711 [Test worker] DEBUG org.springframework.boot.test.context.SpringBootTestContextBootstrapper - Skipping candidate TestExecutionListener [org.springframework.test.context.transaction.TransactionalTestExecutionListener] due to a missing dependency. Specify custom listener classes or make the default listener classes and their required dependencies available. Offending class: [org/springframework/transaction/interceptor/TransactionAttributeSource]
10:48:30.712 [Test worker] DEBUG org.springframework.boot.test.context.SpringBootTestContextBootstrapper - Skipping candidate TestExecutionListener [org.springframework.test.context.jdbc.SqlScriptsTestExecutionListener] due to a missing dependency. Specify custom listener classes or make the default listener classes and their required dependencies available. Offending class: [org/springframework/transaction/interceptor/TransactionAttribute]
10:48:30.714 [Test worker] INFO org.springframework.boot.test.context.SpringBootTestContextBootstrapper - Using TestExecutionListeners: [org.springframework.test.context.web.ServletTestExecutionListener@331ec8cb, org.springframework.test.context.support.DirtiesContextBeforeModesTestExecutionListener@ee8ed60, org.springframework.test.context.event.ApplicationEventsTestExecutionListener@669cbf92, org.springframework.boot.test.mock.mockito.MockitoTestExecutionListener@1c5e67a6, org.springframework.boot.test.autoconfigure.SpringBootDependencyInjectionTestExecutionListener@5943ac76, org.springframework.test.context.support.DirtiesContextTestExecutionListener@1089c9d3, org.springframework.test.context.event.EventPublishingTestExecutionListener@13ea847f, org.springframework.boot.test.autoconfigure.restdocs.RestDocsTestExecutionListener@7c66b2f3, org.springframework.boot.test.autoconfigure.web.client.MockRestServiceServerResetTestExecutionListener@38029115, org.springframework.boot.test.autoconfigure.web.servlet.MockMvcPrintOnlyOnFailureTestExecutionListener@669b1097, org.springframework.boot.test.autoconfigure.web.servlet.WebDriverTestExecutionListener@2115b947, org.springframework.boot.test.autoconfigure.webservices.client.MockWebServiceServerTestExecutionListener@682d76bc, org.springframework.boot.test.mock.mockito.ResetMocksTestExecutionListener@440bc895]
10:48:30.719 [Test worker] DEBUG org.springframework.test.context.support.AbstractDirtiesContextTestExecutionListener - Before test class: context [DefaultTestContext@70ba393e testClass = ChallengeApplicationTests, testInstance = [null], testMethod = [null], testException = [null], mergedContextConfiguration = [WebMergedContextConfiguration@58ae497 testClass = ChallengeApplicationTests, locations = '{}', classes = '{class com.meli.api.challenge.ChallengeApplication}', contextInitializerClasses = '[]', activeProfiles = '{}', propertySourceLocations = '{}', propertySourceProperties = '{org.springframework.boot.test.context.SpringBootTestContextBootstrapper=true}', contextCustomizers = set[org.springframework.boot.test.autoconfigure.actuate.metrics.MetricsExportContextCustomizerFactory$DisableMetricExportContextCustomizer@46a7e1dd, org.springframework.boot.test.autoconfigure.properties.PropertyMappingContextCustomizer@0, org.springframework.boot.test.autoconfigure.web.servlet.WebDriverContextCustomizerFactory$Customizer@77b07f30, org.springframework.boot.test.context.filter.ExcludeFilterContextCustomizer@5f516fd0, org.springframework.boot.test.json.DuplicateJsonObjectContextCustomizerFactory$DuplicateJsonObjectContextCustomizer@22e0eb3d, org.springframework.boot.test.mock.mockito.MockitoContextCustomizer@0, org.springframework.boot.test.web.client.TestRestTemplateContextCustomizer@337daae0, org.springframework.boot.test.context.SpringBootTestArgs@1, org.springframework.boot.test.context.SpringBootTestWebEnvironment@7d225a6f], resourceBasePath = 'src/main/webapp', contextLoader = 'org.springframework.boot.test.context.SpringBootContextLoader', parent = [null]], attributes = map['org.springframework.test.context.web.ServletTestExecutionListener.activateListener' -> true]], class annotated with @DirtiesContext [false] with mode [null].
10:48:30.745 [Test worker] DEBUG org.springframework.test.context.support.TestPropertySourceUtils - Adding inlined properties to environment: {spring.jmx.enabled=false, org.springframework.boot.test.context.SpringBootTestContextBootstrapper=true}

  .   ____          _            __ _ _
 /\\ / ___'_ __ _ _(_)_ __  __ _ \ \ \ \
( ( )\___ | '_ | '_| | '_ \/ _` | \ \ \ \
 \\/  ___)| |_)| | | | | || (_| |  ) ) ) )
  '  |____| .__|_| |_|_| |_\__, | / / / /
 =========|_|==============|___/=/_/_/_/
 :: Spring Boot ::                (v2.4.2)

2021-01-22 10:48:31.056  INFO 12552 --- [    Test worker] c.m.a.c.ChallengeApplicationTests        : Starting ChallengeApplicationTests using Java 1.8.0_222 on UY-IT00714 with PID 12552 (started by juan.pommerenck in C:\Project\challengerepo)
2021-01-22 10:48:31.057  INFO 12552 --- [    Test worker] c.m.a.c.ChallengeApplicationTests        : The following profiles are active: ehCache,localmq
2021-01-22 10:48:32.595  INFO 12552 --- [    Test worker] o.s.s.concurrent.ThreadPoolTaskExecutor  : Initializing ExecutorService 'applicationTaskExecutor'
2021-01-22 10:48:33.140  INFO 12552 --- [    Test worker] o.s.b.a.e.web.EndpointLinksResolver      : Exposing 2 endpoint(s) beneath base path '/actuator'
2021-01-22 10:48:33.206  INFO 12552 --- [    Test worker] c.m.a.c.ChallengeApplicationTests        : Started ChallengeApplicationTests in 2.454 seconds (JVM running for 3.941)
]]></system-out>
  <system-err><![CDATA[]]></system-err>
</testsuite>
