<?xml version="1.0" encoding="UTF-8"?>
<testsuite name="com.meli.api.challenge.controller.ItemControllerTest" tests="4" skipped="0" failures="0" errors="0" timestamp="2021-01-22T01:59:46" hostname="UY-IT00714" time="0.046">
  <properties/>
  <testcase name="getChildrenInvalidItemId()" classname="com.meli.api.challenge.controller.ItemControllerTest" time="0.03"/>
  <testcase name="getChildren()" classname="com.meli.api.challenge.controller.ItemControllerTest" time="0.006"/>
  <testcase name="getItem()" classname="com.meli.api.challenge.controller.ItemControllerTest" time="0.003"/>
  <testcase name="getItemInvalidItemId()" classname="com.meli.api.challenge.controller.ItemControllerTest" time="0.004"/>
  <system-out><![CDATA[2021-01-21 22:59:45.817  INFO 8888 --- [    Test worker] .b.t.c.SpringBootTestContextBootstrapper : Neither @ContextConfiguration nor @ContextHierarchy found for test class [com.meli.api.challenge.controller.ItemControllerTest], using SpringBootContextLoader
2021-01-21 22:59:45.818  INFO 8888 --- [    Test worker] o.s.t.c.support.AbstractContextLoader    : Could not detect default resource locations for test class [com.meli.api.challenge.controller.ItemControllerTest]: no resource found for suffixes {-context.xml, Context.groovy}.
2021-01-21 22:59:45.818  INFO 8888 --- [    Test worker] t.c.s.AnnotationConfigContextLoaderUtils : Could not detect default configuration classes for test class [com.meli.api.challenge.controller.ItemControllerTest]: ItemControllerTest does not declare any static, non-private, non-final, nested classes annotated with @Configuration.
2021-01-21 22:59:45.826  INFO 8888 --- [    Test worker] .b.t.c.SpringBootTestContextBootstrapper : Found @SpringBootConfiguration com.meli.api.challenge.ChallengeApplication for test class com.meli.api.challenge.controller.ItemControllerTest
2021-01-21 22:59:45.829  INFO 8888 --- [    Test worker] .b.t.c.SpringBootTestContextBootstrapper : Loaded default TestExecutionListener class names from location [META-INF/spring.factories]: [org.springframework.test.context.web.ServletTestExecutionListener, org.springframework.test.context.support.DirtiesContextBeforeModesTestExecutionListener, org.springframework.test.context.event.ApplicationEventsTestExecutionListener, org.springframework.test.context.support.DependencyInjectionTestExecutionListener, org.springframework.test.context.support.DirtiesContextTestExecutionListener, org.springframework.test.context.transaction.TransactionalTestExecutionListener, org.springframework.test.context.jdbc.SqlScriptsTestExecutionListener, org.springframework.test.context.event.EventPublishingTestExecutionListener, org.springframework.boot.test.autoconfigure.restdocs.RestDocsTestExecutionListener, org.springframework.boot.test.autoconfigure.web.client.MockRestServiceServerResetTestExecutionListener, org.springframework.boot.test.autoconfigure.web.servlet.MockMvcPrintOnlyOnFailureTestExecutionListener, org.springframework.boot.test.autoconfigure.web.servlet.WebDriverTestExecutionListener, org.springframework.boot.test.autoconfigure.webservices.client.MockWebServiceServerTestExecutionListener, org.springframework.boot.test.mock.mockito.MockitoTestExecutionListener, org.springframework.boot.test.mock.mockito.ResetMocksTestExecutionListener]
2021-01-21 22:59:45.831  INFO 8888 --- [    Test worker] .b.t.c.SpringBootTestContextBootstrapper : Using TestExecutionListeners: [org.springframework.test.context.web.ServletTestExecutionListener@1f395b67, org.springframework.test.context.support.DirtiesContextBeforeModesTestExecutionListener@3f3398ef, org.springframework.test.context.event.ApplicationEventsTestExecutionListener@1053cd6c, org.springframework.boot.test.mock.mockito.MockitoTestExecutionListener@378615ea, org.springframework.boot.test.autoconfigure.SpringBootDependencyInjectionTestExecutionListener@62b1921e, org.springframework.test.context.support.DirtiesContextTestExecutionListener@41669a47, org.springframework.test.context.event.EventPublishingTestExecutionListener@4f5017aa, org.springframework.boot.test.autoconfigure.restdocs.RestDocsTestExecutionListener@487e62ef, org.springframework.boot.test.autoconfigure.web.client.MockRestServiceServerResetTestExecutionListener@2631389c, org.springframework.boot.test.autoconfigure.web.servlet.MockMvcPrintOnlyOnFailureTestExecutionListener@53703abf, org.springframework.boot.test.autoconfigure.web.servlet.WebDriverTestExecutionListener@1cd29a3c, org.springframework.boot.test.autoconfigure.webservices.client.MockWebServiceServerTestExecutionListener@2780ea53, org.springframework.boot.test.mock.mockito.ResetMocksTestExecutionListener@85ac3e7]
]]></system-out>
  <system-err><![CDATA[]]></system-err>
</testsuite>
